<?xml version="1.0" encoding="UTF-8"?>
<!-- Generated by org.testng.reporters.JUnitXMLReporter -->
<testsuite hostname="DESKTOP-0O112P5" ignored="0" name="Default test" tests="5" failures="0" timestamp="29 May 2022 06:12:00 GMT" time="8.483" errors="0">
  <testcase name="test_getAllVideoGames" time="5.5" classname="testcases.VideoGameAPITests"/>
  <testcase name="test_addNewVideoGame" time="0.923" classname="testcases.VideoGameAPITests"/>
  <testcase name="test_getVideoGame" time="1.791" classname="testcases.VideoGameAPITests"/>
  <testcase name="test_updateVideoGame" time="0.122" classname="testcases.VideoGameAPITests"/>
  <testcase name="test_deleteVideoGame" time="0.104" classname="testcases.VideoGameAPITests"/>
</testsuite> <!-- Default test -->
