<?xml version="1.0" encoding="UTF-8"?>
<!-- Generated by org.testng.reporters.JUnitXMLReporter -->
<testsuite hostname="DESKTOP-0O112P5" name="Test" tests="5" failures="0" timestamp="29 May 2022 10:57:13 GMT" time="15.591" errors="0">
  <testcase name="test_getAllVideoGames" time="6.222" classname="testcases.VideoGameAPITests"/>
  <testcase name="test_addNewVideoGame" time="1.185" classname="testcases.VideoGameAPITests"/>
  <testcase name="test_getVideoGame" time="4.883" classname="testcases.VideoGameAPITests"/>
  <testcase name="test_updateVideoGame" time="0.182" classname="testcases.VideoGameAPITests"/>
  <testcase name="test_deleteVideoGame" time="3.079" classname="testcases.VideoGameAPITests"/>
</testsuite> <!-- Test -->
